[0m21:18:09.398480 [debug] [MainThread]: Sending event: {'category': 'dbt', 'action': 'invocation', 'label': 'start', 'context': [<snowplow_tracker.self_describing_json.SelfDescribingJson object at 0x104f89fd0>, <snowplow_tracker.self_describing_json.SelfDescribingJson object at 0x1068e3ed0>, <snowplow_tracker.self_describing_json.SelfDescribingJson object at 0x1068e3d90>]}


============================== 21:18:09.403750 | 76a613f9-d028-459a-a939-6a759a63e86a ==============================
[0m21:18:09.403750 [info ] [MainThread]: Running with dbt=1.8.8
[0m21:18:09.404064 [debug] [MainThread]: running dbt with arguments {'printer_width': '80', 'indirect_selection': 'eager', 'write_json': 'True', 'log_cache_events': 'False', 'partial_parse': 'True', 'cache_selected_only': 'False', 'profiles_dir': '/Users/arthurhead/.dbt', 'fail_fast': 'False', 'debug': 'False', 'log_path': 'logs', 'version_check': 'True', 'warn_error': 'None', 'use_colors': 'True', 'use_experimental_parser': 'False', 'no_print': 'None', 'quiet': 'False', 'empty': 'None', 'warn_error_options': 'WarnErrorOptions(include=[], exclude=[])', 'invocation_command': 'dbt init', 'static_parser': 'True', 'introspect': 'True', 'target_path': 'None', 'log_format': 'default', 'send_anonymous_usage_stats': 'True'}
[0m21:18:09.415413 [warn ] [MainThread]: [ConfigFolderDirectory]: Unable to parse dict {'dir': PosixPath('/Users/arthurhead/.dbt')}
[0m21:18:09.415668 [info ] [MainThread]: Creating dbt configuration folder at 
[0m21:18:15.034957 [debug] [MainThread]: Starter project path: /Users/arthurhead/Desktop/code/data-engineering/elt/dbt-env/lib/python3.13/site-packages/dbt/include/starter_project
[0m21:18:15.047792 [info ] [MainThread]: 
Your new dbt project "custom_postgres" was created!

For more information on how to configure the profiles.yml file,
please consult the dbt documentation here:

  https://docs.getdbt.com/docs/configure-your-profile

One more thing:

Need help? Don't hesitate to reach out to us via GitHub issues or on Slack:

  https://community.getdbt.com/

Happy modeling!

[0m21:18:15.048664 [info ] [MainThread]: Setting up your profile.
[0m21:21:12.569337 [info ] [MainThread]: Profile custom_postgres written to /Users/arthurhead/.dbt/profiles.yml using target's profile_template.yml and your supplied values. Run 'dbt debug' to validate the connection.
[0m21:21:12.575726 [debug] [MainThread]: Resource report: {"command_name": "init", "command_success": true, "command_wall_clock_time": 183.21391, "process_user_time": 0.629707, "process_kernel_time": 0.118269, "process_mem_max_rss": "97550336", "process_in_blocks": "0", "process_out_blocks": "0"}
[0m21:21:12.576949 [debug] [MainThread]: Command `dbt init` succeeded at 21:21:12.576752 after 183.22 seconds
[0m21:21:12.577525 [debug] [MainThread]: Sending event: {'category': 'dbt', 'action': 'invocation', 'label': 'end', 'context': [<snowplow_tracker.self_describing_json.SelfDescribingJson object at 0x106e288a0>, <snowplow_tracker.self_describing_json.SelfDescribingJson object at 0x10563f9b0>, <snowplow_tracker.self_describing_json.SelfDescribingJson object at 0x106982be0>]}
[0m21:21:12.578057 [debug] [MainThread]: Flushing usage events
[0m21:21:23.905120 [debug] [MainThread]: Sending event: {'category': 'dbt', 'action': 'invocation', 'label': 'start', 'context': [<snowplow_tracker.self_describing_json.SelfDescribingJson object at 0x103641fd0>, <snowplow_tracker.self_describing_json.SelfDescribingJson object at 0x105ffbed0>, <snowplow_tracker.self_describing_json.SelfDescribingJson object at 0x105ffbd90>]}


============================== 21:21:23.907689 | 107b696c-1ef4-4b30-a4d0-f149311bff96 ==============================
[0m21:21:23.907689 [info ] [MainThread]: Running with dbt=1.8.8
[0m21:21:23.908008 [debug] [MainThread]: running dbt with arguments {'printer_width': '80', 'indirect_selection': 'eager', 'log_cache_events': 'False', 'write_json': 'True', 'partial_parse': 'True', 'cache_selected_only': 'False', 'profiles_dir': '/Users/arthurhead/.dbt', 'debug': 'False', 'fail_fast': 'False', 'log_path': 'logs', 'warn_error': 'None', 'version_check': 'True', 'use_colors': 'True', 'use_experimental_parser': 'False', 'no_print': 'None', 'quiet': 'False', 'empty': 'None', 'warn_error_options': 'WarnErrorOptions(include=[], exclude=[])', 'introspect': 'True', 'static_parser': 'True', 'invocation_command': 'dbt debug', 'target_path': 'None', 'log_format': 'default', 'send_anonymous_usage_stats': 'True'}
[0m21:21:23.918593 [info ] [MainThread]: dbt version: 1.8.8
[0m21:21:23.918898 [info ] [MainThread]: python version: 3.13.0
[0m21:21:23.919128 [info ] [MainThread]: python path: /Users/arthurhead/Desktop/code/data-engineering/elt/dbt-env/bin/python3
[0m21:21:23.919348 [info ] [MainThread]: os info: macOS-14.5-arm64-arm-64bit-Mach-O
[0m21:21:24.159567 [info ] [MainThread]: Using profiles dir at /Users/arthurhead/.dbt
[0m21:21:24.159937 [info ] [MainThread]: Using profiles.yml file at /Users/arthurhead/.dbt/profiles.yml
[0m21:21:24.160138 [info ] [MainThread]: Using dbt_project.yml file at /Users/arthurhead/Desktop/code/data-engineering/elt/dbt_project.yml
[0m21:21:24.160484 [info ] [MainThread]: adapter type: postgres
[0m21:21:24.160638 [info ] [MainThread]: adapter version: 1.8.2
[0m21:21:24.160790 [info ] [MainThread]: Configuration:
[0m21:21:24.160927 [info ] [MainThread]:   profiles.yml file [[32mOK found and valid[0m]
[0m21:21:24.161065 [info ] [MainThread]:   dbt_project.yml file [[31mERROR not found[0m]
[0m21:21:24.161196 [info ] [MainThread]: Required dependencies:
[0m21:21:24.161370 [debug] [MainThread]: Executing "git --help"
[0m21:21:24.170046 [debug] [MainThread]: STDOUT: "b"usage: git [-v | --version] [-h | --help] [-C <path>] [-c <name>=<value>]\n           [--exec-path[=<path>]] [--html-path] [--man-path] [--info-path]\n           [-p | --paginate | -P | --no-pager] [--no-replace-objects] [--bare]\n           [--git-dir=<path>] [--work-tree=<path>] [--namespace=<name>]\n           [--config-env=<name>=<envvar>] <command> [<args>]\n\nThese are common Git commands used in various situations:\n\nstart a working area (see also: git help tutorial)\n   clone     Clone a repository into a new directory\n   init      Create an empty Git repository or reinitialize an existing one\n\nwork on the current change (see also: git help everyday)\n   add       Add file contents to the index\n   mv        Move or rename a file, a directory, or a symlink\n   restore   Restore working tree files\n   rm        Remove files from the working tree and from the index\n\nexamine the history and state (see also: git help revisions)\n   bisect    Use binary search to find the commit that introduced a bug\n   diff      Show changes between commits, commit and working tree, etc\n   grep      Print lines matching a pattern\n   log       Show commit logs\n   show      Show various types of objects\n   status    Show the working tree status\n\ngrow, mark and tweak your common history\n   branch    List, create, or delete branches\n   commit    Record changes to the repository\n   merge     Join two or more development histories together\n   rebase    Reapply commits on top of another base tip\n   reset     Reset current HEAD to the specified state\n   switch    Switch branches\n   tag       Create, list, delete or verify a tag object signed with GPG\n\ncollaborate (see also: git help workflows)\n   fetch     Download objects and refs from another repository\n   pull      Fetch from and integrate with another repository or a local branch\n   push      Update remote refs along with associated objects\n\n'git help -a' and 'git help -g' list available subcommands and some\nconcept guides. See 'git help <command>' or 'git help <concept>'\nto read about a specific subcommand or concept.\nSee 'git help git' for an overview of the system.\n""
[0m21:21:24.170821 [debug] [MainThread]: STDERR: "b''"
[0m21:21:24.171055 [info ] [MainThread]:  - git [[32mOK found[0m]

[0m21:21:24.171299 [info ] [MainThread]: Connection:
[0m21:21:24.171500 [info ] [MainThread]:   host: host.docker.internal
[0m21:21:24.171662 [info ] [MainThread]:   port: 5434
[0m21:21:24.171847 [info ] [MainThread]:   user: postgres
[0m21:21:24.172254 [info ] [MainThread]:   database: destination_db
[0m21:21:24.172471 [info ] [MainThread]:   schema: public
[0m21:21:24.172631 [info ] [MainThread]:   connect_timeout: 10
[0m21:21:24.172774 [info ] [MainThread]:   role: None
[0m21:21:24.172912 [info ] [MainThread]:   search_path: None
[0m21:21:24.173045 [info ] [MainThread]:   keepalives_idle: 0
[0m21:21:24.173175 [info ] [MainThread]:   sslmode: None
[0m21:21:24.173305 [info ] [MainThread]:   sslcert: None
[0m21:21:24.173433 [info ] [MainThread]:   sslkey: None
[0m21:21:24.173559 [info ] [MainThread]:   sslrootcert: None
[0m21:21:24.173689 [info ] [MainThread]:   application_name: dbt
[0m21:21:24.173816 [info ] [MainThread]:   retries: 1
[0m21:21:24.174206 [info ] [MainThread]: Registered adapter: postgres=1.8.2
[0m21:21:24.181491 [debug] [MainThread]: Acquiring new postgres connection 'debug'
[0m21:21:24.206234 [debug] [MainThread]: Using postgres connection "debug"
[0m21:21:24.206477 [debug] [MainThread]: On debug: select 1 as id
[0m21:21:24.206625 [debug] [MainThread]: Opening a new connection, currently in state init
[0m21:21:24.265553 [debug] [MainThread]: Postgres adapter: Got a retryable error when attempting to open a postgres connection.
1 attempts remaining. Retrying in 0 seconds.
Error:
could not translate host name "host.docker.internal" to address: nodename nor servname provided, or not known

[0m21:21:24.267468 [debug] [MainThread]: Postgres adapter: Error running SQL: select 1 as id
[0m21:21:24.267710 [debug] [MainThread]: Postgres adapter: Rolling back transaction.
[0m21:21:24.267953 [debug] [MainThread]: On debug: No close available on handle
[0m21:21:24.268216 [info ] [MainThread]:   Connection test: [[31mERROR[0m]

[0m21:21:24.268537 [info ] [MainThread]: [31m2 checks failed:[0m
[0m21:21:24.268736 [info ] [MainThread]: Project loading failed for the following reason:
 project path </Users/arthurhead/Desktop/code/data-engineering/elt/dbt_project.yml> not found

[0m21:21:24.268945 [info ] [MainThread]: dbt was unable to connect to the specified database.
The database returned the following error:

  >Database Error
  could not translate host name "host.docker.internal" to address: nodename nor servname provided, or not known
  

Check your database credentials and try again. For more information, visit:
https://docs.getdbt.com/docs/configure-your-profile


[0m21:21:24.270734 [debug] [MainThread]: Resource report: {"command_name": "debug", "command_wall_clock_time": 0.39599693, "process_user_time": 0.6382, "process_kernel_time": 0.111454, "process_mem_max_rss": "102121472", "command_success": false, "process_in_blocks": "0", "process_out_blocks": "0"}
[0m21:21:24.271221 [debug] [MainThread]: Command `dbt debug` failed at 21:21:24.271138 after 0.40 seconds
[0m21:21:24.271487 [debug] [MainThread]: Connection 'debug' was properly closed.
[0m21:21:24.271745 [debug] [MainThread]: Sending event: {'category': 'dbt', 'action': 'invocation', 'label': 'end', 'context': [<snowplow_tracker.self_describing_json.SelfDescribingJson object at 0x106542b10>, <snowplow_tracker.self_describing_json.SelfDescribingJson object at 0x106bf1250>, <snowplow_tracker.self_describing_json.SelfDescribingJson object at 0x106bfcc00>]}
[0m21:21:24.272030 [debug] [MainThread]: Flushing usage events
[0m21:26:08.729012 [debug] [MainThread]: Sending event: {'category': 'dbt', 'action': 'invocation', 'label': 'start', 'context': [<snowplow_tracker.self_describing_json.SelfDescribingJson object at 0x104c51fd0>, <snowplow_tracker.self_describing_json.SelfDescribingJson object at 0x1074fbed0>, <snowplow_tracker.self_describing_json.SelfDescribingJson object at 0x1074fbd90>]}


============================== 21:26:08.731743 | a2481cce-4248-4414-952a-acc8c1b8f8c0 ==============================
[0m21:26:08.731743 [info ] [MainThread]: Running with dbt=1.8.8
[0m21:26:08.732073 [debug] [MainThread]: running dbt with arguments {'printer_width': '80', 'indirect_selection': 'eager', 'log_cache_events': 'False', 'write_json': 'True', 'partial_parse': 'True', 'cache_selected_only': 'False', 'profiles_dir': '/Users/arthurhead/.dbt', 'version_check': 'True', 'warn_error': 'None', 'log_path': 'logs', 'debug': 'False', 'fail_fast': 'False', 'use_colors': 'True', 'use_experimental_parser': 'False', 'empty': 'None', 'quiet': 'False', 'no_print': 'None', 'log_format': 'default', 'invocation_command': 'dbt debug', 'introspect': 'True', 'static_parser': 'True', 'target_path': 'None', 'warn_error_options': 'WarnErrorOptions(include=[], exclude=[])', 'send_anonymous_usage_stats': 'True'}
[0m21:26:08.743304 [info ] [MainThread]: dbt version: 1.8.8
[0m21:26:08.743583 [info ] [MainThread]: python version: 3.13.0
[0m21:26:08.743732 [info ] [MainThread]: python path: /Users/arthurhead/Desktop/code/data-engineering/elt/dbt-env/bin/python3
[0m21:26:08.743872 [info ] [MainThread]: os info: macOS-14.5-arm64-arm-64bit-Mach-O
[0m21:26:09.005767 [info ] [MainThread]: Using profiles dir at /Users/arthurhead/.dbt
[0m21:26:09.006161 [info ] [MainThread]: Using profiles.yml file at /Users/arthurhead/.dbt/profiles.yml
[0m21:26:09.006418 [info ] [MainThread]: Using dbt_project.yml file at /Users/arthurhead/Desktop/code/data-engineering/elt/dbt_project.yml
[0m21:26:09.006859 [info ] [MainThread]: adapter type: postgres
[0m21:26:09.007034 [info ] [MainThread]: adapter version: 1.8.2
[0m21:26:09.007201 [info ] [MainThread]: Configuration:
[0m21:26:09.007357 [info ] [MainThread]:   profiles.yml file [[32mOK found and valid[0m]
[0m21:26:09.007505 [info ] [MainThread]:   dbt_project.yml file [[31mERROR not found[0m]
[0m21:26:09.007656 [info ] [MainThread]: Required dependencies:
[0m21:26:09.007861 [debug] [MainThread]: Executing "git --help"
[0m21:26:09.017043 [debug] [MainThread]: STDOUT: "b"usage: git [-v | --version] [-h | --help] [-C <path>] [-c <name>=<value>]\n           [--exec-path[=<path>]] [--html-path] [--man-path] [--info-path]\n           [-p | --paginate | -P | --no-pager] [--no-replace-objects] [--bare]\n           [--git-dir=<path>] [--work-tree=<path>] [--namespace=<name>]\n           [--config-env=<name>=<envvar>] <command> [<args>]\n\nThese are common Git commands used in various situations:\n\nstart a working area (see also: git help tutorial)\n   clone     Clone a repository into a new directory\n   init      Create an empty Git repository or reinitialize an existing one\n\nwork on the current change (see also: git help everyday)\n   add       Add file contents to the index\n   mv        Move or rename a file, a directory, or a symlink\n   restore   Restore working tree files\n   rm        Remove files from the working tree and from the index\n\nexamine the history and state (see also: git help revisions)\n   bisect    Use binary search to find the commit that introduced a bug\n   diff      Show changes between commits, commit and working tree, etc\n   grep      Print lines matching a pattern\n   log       Show commit logs\n   show      Show various types of objects\n   status    Show the working tree status\n\ngrow, mark and tweak your common history\n   branch    List, create, or delete branches\n   commit    Record changes to the repository\n   merge     Join two or more development histories together\n   rebase    Reapply commits on top of another base tip\n   reset     Reset current HEAD to the specified state\n   switch    Switch branches\n   tag       Create, list, delete or verify a tag object signed with GPG\n\ncollaborate (see also: git help workflows)\n   fetch     Download objects and refs from another repository\n   pull      Fetch from and integrate with another repository or a local branch\n   push      Update remote refs along with associated objects\n\n'git help -a' and 'git help -g' list available subcommands and some\nconcept guides. See 'git help <command>' or 'git help <concept>'\nto read about a specific subcommand or concept.\nSee 'git help git' for an overview of the system.\n""
[0m21:26:09.017738 [debug] [MainThread]: STDERR: "b''"
[0m21:26:09.017996 [info ] [MainThread]:  - git [[32mOK found[0m]

[0m21:26:09.018247 [info ] [MainThread]: Connection:
[0m21:26:09.018478 [info ] [MainThread]:   host: host.docker.internal
[0m21:26:09.018677 [info ] [MainThread]:   port: 5434
[0m21:26:09.018856 [info ] [MainThread]:   user: postgres
[0m21:26:09.019032 [info ] [MainThread]:   database: destination_db
[0m21:26:09.019218 [info ] [MainThread]:   schema: public
[0m21:26:09.019389 [info ] [MainThread]:   connect_timeout: 10
[0m21:26:09.019564 [info ] [MainThread]:   role: None
[0m21:26:09.019733 [info ] [MainThread]:   search_path: None
[0m21:26:09.019883 [info ] [MainThread]:   keepalives_idle: 0
[0m21:26:09.020033 [info ] [MainThread]:   sslmode: None
[0m21:26:09.020184 [info ] [MainThread]:   sslcert: None
[0m21:26:09.020336 [info ] [MainThread]:   sslkey: None
[0m21:26:09.020487 [info ] [MainThread]:   sslrootcert: None
[0m21:26:09.020636 [info ] [MainThread]:   application_name: dbt
[0m21:26:09.020786 [info ] [MainThread]:   retries: 1
[0m21:26:09.021220 [info ] [MainThread]: Registered adapter: postgres=1.8.2
[0m21:26:09.025897 [debug] [MainThread]: Acquiring new postgres connection 'debug'
[0m21:26:09.054419 [debug] [MainThread]: Using postgres connection "debug"
[0m21:26:09.054689 [debug] [MainThread]: On debug: select 1 as id
[0m21:26:09.054845 [debug] [MainThread]: Opening a new connection, currently in state init
[0m21:26:09.057115 [debug] [MainThread]: Postgres adapter: Got a retryable error when attempting to open a postgres connection.
1 attempts remaining. Retrying in 0 seconds.
Error:
could not translate host name "host.docker.internal" to address: nodename nor servname provided, or not known

[0m21:26:09.058518 [debug] [MainThread]: Postgres adapter: Error running SQL: select 1 as id
[0m21:26:09.058717 [debug] [MainThread]: Postgres adapter: Rolling back transaction.
[0m21:26:09.058905 [debug] [MainThread]: On debug: No close available on handle
[0m21:26:09.059092 [info ] [MainThread]:   Connection test: [[31mERROR[0m]

[0m21:26:09.059328 [info ] [MainThread]: [31m2 checks failed:[0m
[0m21:26:09.059473 [info ] [MainThread]: Project loading failed for the following reason:
 project path </Users/arthurhead/Desktop/code/data-engineering/elt/dbt_project.yml> not found

[0m21:26:09.059618 [info ] [MainThread]: dbt was unable to connect to the specified database.
The database returned the following error:

  >Database Error
  could not translate host name "host.docker.internal" to address: nodename nor servname provided, or not known
  

Check your database credentials and try again. For more information, visit:
https://docs.getdbt.com/docs/configure-your-profile


[0m21:26:09.061025 [debug] [MainThread]: Resource report: {"command_name": "debug", "command_wall_clock_time": 0.3649438, "process_user_time": 0.668105, "process_kernel_time": 0.121463, "process_mem_max_rss": "104808448", "command_success": false, "process_in_blocks": "0", "process_out_blocks": "0"}
[0m21:26:09.061375 [debug] [MainThread]: Command `dbt debug` failed at 21:26:09.061317 after 0.37 seconds
[0m21:26:09.061565 [debug] [MainThread]: Connection 'debug' was properly closed.
[0m21:26:09.061747 [debug] [MainThread]: Sending event: {'category': 'dbt', 'action': 'invocation', 'label': 'end', 'context': [<snowplow_tracker.self_describing_json.SelfDescribingJson object at 0x107a469e0>, <snowplow_tracker.self_describing_json.SelfDescribingJson object at 0x107c69250>, <snowplow_tracker.self_describing_json.SelfDescribingJson object at 0x107c74c00>]}
[0m21:26:09.061960 [debug] [MainThread]: Flushing usage events
[0m21:28:02.364148 [debug] [MainThread]: Sending event: {'category': 'dbt', 'action': 'invocation', 'label': 'start', 'context': [<snowplow_tracker.self_describing_json.SelfDescribingJson object at 0x105b51fd0>, <snowplow_tracker.self_describing_json.SelfDescribingJson object at 0x107dbfed0>, <snowplow_tracker.self_describing_json.SelfDescribingJson object at 0x107dbfd90>]}


============================== 21:28:02.367204 | 6bc66910-cb56-44ee-b9a2-27d4a9dbea55 ==============================
[0m21:28:02.367204 [info ] [MainThread]: Running with dbt=1.8.8
[0m21:28:02.367578 [debug] [MainThread]: running dbt with arguments {'printer_width': '80', 'indirect_selection': 'eager', 'write_json': 'True', 'log_cache_events': 'False', 'partial_parse': 'True', 'cache_selected_only': 'False', 'warn_error': 'None', 'fail_fast': 'False', 'version_check': 'True', 'log_path': 'logs', 'profiles_dir': '/Users/arthurhead/.dbt', 'debug': 'False', 'use_colors': 'True', 'use_experimental_parser': 'False', 'empty': 'None', 'quiet': 'False', 'no_print': 'None', 'log_format': 'default', 'introspect': 'True', 'static_parser': 'True', 'warn_error_options': 'WarnErrorOptions(include=[], exclude=[])', 'target_path': 'None', 'invocation_command': 'dbt deps', 'send_anonymous_usage_stats': 'True'}
[0m21:28:02.368025 [error] [MainThread]: Encountered an error:
Runtime Error
  No dbt_project.yml found at expected path /Users/arthurhead/Desktop/code/data-engineering/elt/dbt_project.yml
  Verify that each entry within packages.yml (and their transitive dependencies) contains a file named dbt_project.yml
  
[0m21:28:02.368817 [debug] [MainThread]: Resource report: {"command_name": "deps", "command_wall_clock_time": 0.032506377, "process_user_time": 0.569332, "process_kernel_time": 0.065605, "process_mem_max_rss": "95617024", "command_success": false, "process_in_blocks": "0", "process_out_blocks": "0"}
[0m21:28:02.369129 [debug] [MainThread]: Command `dbt deps` failed at 21:28:02.369081 after 0.03 seconds
[0m21:28:02.369309 [debug] [MainThread]: Sending event: {'category': 'dbt', 'action': 'invocation', 'label': 'end', 'context': [<snowplow_tracker.self_describing_json.SelfDescribingJson object at 0x107df0e90>, <snowplow_tracker.self_describing_json.SelfDescribingJson object at 0x10787dfd0>, <snowplow_tracker.self_describing_json.SelfDescribingJson object at 0x1077ef9b0>]}
[0m21:28:02.369467 [debug] [MainThread]: Flushing usage events
